<?xml version="1.0" encoding="UTF-8"?>
<!-- Generated by org.testng.reporters.JUnitXMLReporter -->
<testsuite ignored="0" hostname="DESKTOP-D8HRC0C" failures="0" tests="2" name="Test" time="58.457" errors="0" timestamp="2023-01-24T12:06:43 IST">
  <testcase classname="com.saucedemo.Testpackge.TC01_VerifyRegistration" name="StundentRegistration" time="34.068"/>
  <testcase classname="com.saucedemo.Testpackge.TC02_VerifyQuestionAnswer" name="Verifyquestionanswer" time="8.508"/>
</testsuite> <!-- Test -->
