<?xml version="1.0" encoding="UTF-8"?>
<testng-results ignored="0" total="2" passed="2" failed="0" skipped="0">
  <reporter-output>
  </reporter-output>
  <suite started-at="2023-01-24T12:05:44 IST" name="Suite" finished-at="2023-01-24T12:06:43 IST" duration-ms="58457">
    <groups>
    </groups>
    <test started-at="2023-01-24T12:05:44 IST" name="Test" finished-at="2023-01-24T12:06:43 IST" duration-ms="58457">
      <class name="com.saucedemo.Testpackge.TC02_VerifyQuestionAnswer">
        <test-method is-config="true" signature="setup()[pri:0, instance:com.saucedemo.Testpackge.TC02_VerifyQuestionAnswer@399f45b1]" started-at="2023-01-24T12:06:28 IST" name="setup" finished-at="2023-01-24T12:06:34 IST" duration-ms="5709" status="PASS">
          <reporter-output>
          </reporter-output>
        </test-method> <!-- setup -->
        <test-method signature="Verifyquestionanswer()[pri:0, instance:com.saucedemo.Testpackge.TC02_VerifyQuestionAnswer@399f45b1]" started-at="2023-01-24T12:06:34 IST" name="Verifyquestionanswer" finished-at="2023-01-24T12:06:42 IST" duration-ms="8508" status="PASS">
          <reporter-output>
          </reporter-output>
        </test-method> <!-- Verifyquestionanswer -->
        <test-method is-config="true" signature="teardown()[pri:0, instance:com.saucedemo.Testpackge.TC02_VerifyQuestionAnswer@399f45b1]" started-at="2023-01-24T12:06:42 IST" name="teardown" finished-at="2023-01-24T12:06:43 IST" duration-ms="248" status="PASS">
          <reporter-output>
          </reporter-output>
        </test-method> <!-- teardown -->
      </class> <!-- com.saucedemo.Testpackge.TC02_VerifyQuestionAnswer -->
      <class name="com.saucedemo.Testpackge.TC01_VerifyRegistration">
        <test-method is-config="true" signature="setup()[pri:0, instance:com.saucedemo.Testpackge.TC01_VerifyRegistration@7c729a55]" started-at="2023-01-24T12:05:44 IST" name="setup" finished-at="2023-01-24T12:05:54 IST" duration-ms="9592" status="PASS">
          <reporter-output>
          </reporter-output>
        </test-method> <!-- setup -->
        <test-method signature="StundentRegistration()[pri:0, instance:com.saucedemo.Testpackge.TC01_VerifyRegistration@7c729a55]" started-at="2023-01-24T12:05:54 IST" name="StundentRegistration" finished-at="2023-01-24T12:06:28 IST" duration-ms="34068" status="PASS">
          <reporter-output>
          </reporter-output>
        </test-method> <!-- StundentRegistration -->
        <test-method is-config="true" signature="teardown()[pri:0, instance:com.saucedemo.Testpackge.TC01_VerifyRegistration@7c729a55]" started-at="2023-01-24T12:06:28 IST" name="teardown" finished-at="2023-01-24T12:06:28 IST" duration-ms="261" status="PASS">
          <reporter-output>
          </reporter-output>
        </test-method> <!-- teardown -->
      </class> <!-- com.saucedemo.Testpackge.TC01_VerifyRegistration -->
    </test> <!-- Test -->
  </suite> <!-- Suite -->
</testng-results>
